<?xml version="1.0" encoding="UTF-8"?>
<testsuite xmlns:xsi="http://www.w3.org/2001/XMLSchema-instance" xsi:noNamespaceSchemaLocation="https://maven.apache.org/surefire/maven-surefire-plugin/xsd/surefire-test-report-3.0.xsd" version="3.0" name="com.siddharth.FitTrack.FitTrackApplicationTests" time="4.163" tests="1" errors="0" skipped="0" failures="0">
  <properties>
[...]
</properties>
  <testcase name="contextLoads" classname="com.siddharth.FitTrack.FitTrackApplicationTests" time="0.308">
    <system-out><![CDATA[01:45:20.804 [main] INFO org.springframework.test.context.support.AnnotationConfigContextLoaderUtils -- Could not detect default configuration classes for test class [com.siddharth.FitTrack.FitTrackApplicationTests]: FitTrackApplicationTests does not declare any static, non-private, non-final, nested classes annotated with @Configuration.
01:45:20.847 [main] INFO org.springframework.boot.test.context.SpringBootTestContextBootstrapper -- Found @SpringBootConfiguration com.siddharth.FitTrack.FitTrackApplication for test class com.siddharth.FitTrack.FitTrackApplicationTests
01:45:20.915 [main] INFO org.springframework.boot.devtools.restart.RestartApplicationListener -- Restart disabled due to context in which it is running

  .   ____          _            __ _ _
 /\\ / ___'_ __ _ _(_)_ __  __ _ \ \ \ \
( ( )\___ | '_ | '_| | '_ \/ _` | \ \ \ \
 \\/  ___)| |_)| | | | | || (_| |  ) ) ) )
  '  |____| .__|_| |_|_| |_\__, | / / / /
 =========|_|==============|___/=/_/_/_/
 :: Spring Boot ::                (v3.2.2)

2024-04-03T01:45:21.020+05:30  INFO 4188 --- [           main] c.s.FitTrack.FitTrackApplicationTests    : Starting FitTrackApplicationTests using Java 21.0.2 with PID 4188 (started by siddharth in /Users/siddharth/Desktop/project/btp/FitTrack-backend/FitTrack)
2024-04-03T01:45:21.021+05:30  INFO 4188 --- [           main] c.s.FitTrack.FitTrackApplicationTests    : No active profile set, falling back to 1 default profile: "default"
2024-04-03T01:45:21.339+05:30  INFO 4188 --- [           main] .s.d.r.c.RepositoryConfigurationDelegate : Bootstrapping Spring Data JPA repositories in DEFAULT mode.
2024-04-03T01:45:21.366+05:30  INFO 4188 --- [           main] .s.d.r.c.RepositoryConfigurationDelegate : Finished Spring Data repository scanning in 24 ms. Found 2 JPA repository interfaces.
2024-04-03T01:45:21.628+05:30  INFO 4188 --- [           main] o.hibernate.jpa.internal.util.LogHelper  : HHH000204: Processing PersistenceUnitInfo [name: default]
2024-04-03T01:45:21.654+05:30  INFO 4188 --- [           main] org.hibernate.Version                    : HHH000412: Hibernate ORM core version 6.4.1.Final
2024-04-03T01:45:21.667+05:30  INFO 4188 --- [           main] o.h.c.internal.RegionFactoryInitiator    : HHH000026: Second-level cache disabled
2024-04-03T01:45:21.774+05:30  INFO 4188 --- [           main] o.s.o.j.p.SpringPersistenceUnitInfo      : No LoadTimeWeaver setup: ignoring JPA class transformer
2024-04-03T01:45:21.790+05:30  INFO 4188 --- [           main] com.zaxxer.hikari.HikariDataSource       : HikariPool-1 - Starting...
2024-04-03T01:45:23.122+05:30  INFO 4188 --- [           main] com.zaxxer.hikari.pool.HikariPool        : HikariPool-1 - Added connection org.postgresql.jdbc.PgConnection@3d1c52f5
2024-04-03T01:45:23.124+05:30  INFO 4188 --- [           main] com.zaxxer.hikari.HikariDataSource       : HikariPool-1 - Start completed.
2024-04-03T01:45:23.235+05:30  WARN 4188 --- [           main] org.hibernate.orm.deprecation            : HHH90000025: PostgreSQLDialect does not need to be specified explicitly using 'hibernate.dialect' (remove the property setting and it will be selected by default)
2024-04-03T01:45:23.783+05:30  INFO 4188 --- [           main] o.h.e.t.j.p.i.JtaPlatformInitiator       : HHH000489: No JTA platform available (set 'hibernate.transaction.jta.platform' to enable JTA platform integration)
2024-04-03T01:45:24.050+05:30  INFO 4188 --- [           main] j.LocalContainerEntityManagerFactoryBean : Initialized JPA EntityManagerFactory for persistence unit 'default'
In AuthenticationController
2024-04-03T01:45:24.264+05:30  WARN 4188 --- [           main] JpaBaseConfiguration$JpaWebConfiguration : spring.jpa.open-in-view is enabled by default. Therefore, database queries may be performed during view rendering. Explicitly configure spring.jpa.open-in-view to disable this warning
2024-04-03T01:45:24.281+05:30  WARN 4188 --- [           main] .s.s.UserDetailsServiceAutoConfiguration : 

Using generated security password: 55aa2cf7-887a-4c33-8e92-cdb16323a969

This generated password is for development use only. Your security configuration must be updated before running your application in production.

2024-04-03T01:45:24.322+05:30  INFO 4188 --- [           main] o.s.s.web.DefaultSecurityFilterChain     : Will secure any request with [org.springframework.security.web.session.DisableEncodeUrlFilter@3123ba75, org.springframework.security.web.context.request.async.WebAsyncManagerIntegrationFilter@3d8e1fa6, org.springframework.security.web.context.SecurityContextHolderFilter@112a50a1, org.springframework.security.web.header.HeaderWriterFilter@4516c2ef, org.springframework.security.web.authentication.logout.LogoutFilter@3881b884, org.springframework.security.web.authentication.www.BasicAuthenticationFilter@2dfab167, org.springframework.security.web.savedrequest.RequestCacheAwareFilter@3f31892e, org.springframework.security.web.servletapi.SecurityContextHolderAwareRequestFilter@3cd89c72, org.springframework.security.web.authentication.AnonymousAuthenticationFilter@4587f0f9, org.springframework.security.web.access.ExceptionTranslationFilter@50e4d8cd, org.springframework.security.web.access.intercept.AuthorizationFilter@74844f8a]
2024-04-03T01:45:24.555+05:30  INFO 4188 --- [           main] c.s.FitTrack.FitTrackApplicationTests    : Started FitTrackApplicationTests in 3.646 seconds (process running for 4.097)
]]></system-out>
    <system-err><![CDATA[WARNING: A Java agent has been loaded dynamically (/Users/siddharth/.m2/repository/net/bytebuddy/byte-buddy-agent/1.14.11/byte-buddy-agent-1.14.11.jar)
WARNING: If a serviceability tool is in use, please run with -XX:+EnableDynamicAgentLoading to hide this warning
WARNING: If a serviceability tool is not in use, please run with -Djdk.instrument.traceUsage for more information
WARNING: Dynamic loading of agents will be disallowed by default in a future release
]]></system-err>
  </testcase>
</testsuite>